<?xml version="1.0" encoding="UTF-8"?>
<testsuite xmlns:xsi="http://www.w3.org/2001/XMLSchema-instance" xsi:noNamespaceSchemaLocation="https://maven.apache.org/surefire/maven-surefire-plugin/xsd/surefire-test-report.xsd" name="com.usbank.synapse.TemperaturesControllerTest" time="2.981" tests="1" errors="0" skipped="0" failures="0">
  <properties>
    <property name="sun.desktop" value="windows"/>
    <property name="awt.toolkit" value="sun.awt.windows.WToolkit"/>
    <property name="java.specification.version" value="11"/>
    <property name="sun.cpu.isalist" value="amd64"/>
    <property name="sun.jnu.encoding" value="Cp1252"/>
    <property name="java.class.path" value="C:\Venky\DP-203\AzureSynapseExperiments\SynapseRESTAPI\target\test-classes;C:\Venky\DP-203\AzureSynapseExperiments\SynapseRESTAPI\target\classes;C:\Users\VenkyJagannath\.m2\repository\org\springframework\boot\spring-boot-starter-web\2.7.13\spring-boot-starter-web-2.7.13.jar;C:\Users\VenkyJagannath\.m2\repository\org\springframework\boot\spring-boot-starter\2.7.13\spring-boot-starter-2.7.13.jar;C:\Users\VenkyJagannath\.m2\repository\org\springframework\boot\spring-boot\2.7.13\spring-boot-2.7.13.jar;C:\Users\VenkyJagannath\.m2\repository\org\springframework\boot\spring-boot-autoconfigure\2.7.13\spring-boot-autoconfigure-2.7.13.jar;C:\Users\VenkyJagannath\.m2\repository\org\springframework\boot\spring-boot-starter-logging\2.7.13\spring-boot-starter-logging-2.7.13.jar;C:\Users\VenkyJagannath\.m2\repository\ch\qos\logback\logback-classic\1.2.12\logback-classic-1.2.12.jar;C:\Users\VenkyJagannath\.m2\repository\ch\qos\logback\logback-core\1.2.12\logback-core-1.2.12.jar;C:\Users\VenkyJagannath\.m2\repository\org\apache\logging\log4j\log4j-to-slf4j\2.17.2\log4j-to-slf4j-2.17.2.jar;C:\Users\VenkyJagannath\.m2\repository\org\apache\logging\log4j\log4j-api\2.17.2\log4j-api-2.17.2.jar;C:\Users\VenkyJagannath\.m2\repository\org\slf4j\jul-to-slf4j\1.7.36\jul-to-slf4j-1.7.36.jar;C:\Users\VenkyJagannath\.m2\repository\jakarta\annotation\jakarta.annotation-api\1.3.5\jakarta.annotation-api-1.3.5.jar;C:\Users\VenkyJagannath\.m2\repository\org\yaml\snakeyaml\1.30\snakeyaml-1.30.jar;C:\Users\VenkyJagannath\.m2\repository\org\springframework\boot\spring-boot-starter-json\2.7.13\spring-boot-starter-json-2.7.13.jar;C:\Users\VenkyJagannath\.m2\repository\com\fasterxml\jackson\core\jackson-databind\2.13.5\jackson-databind-2.13.5.jar;C:\Users\VenkyJagannath\.m2\repository\com\fasterxml\jackson\datatype\jackson-datatype-jdk8\2.13.5\jackson-datatype-jdk8-2.13.5.jar;C:\Users\VenkyJagannath\.m2\repository\com\fasterxml\jackson\datatype\jackson-datatype-jsr310\2.13.5\jackson-datatype-jsr310-2.13.5.jar;C:\Users\VenkyJagannath\.m2\repository\com\fasterxml\jackson\module\jackson-module-parameter-names\2.13.5\jackson-module-parameter-names-2.13.5.jar;C:\Users\VenkyJagannath\.m2\repository\org\springframework\boot\spring-boot-starter-tomcat\2.7.13\spring-boot-starter-tomcat-2.7.13.jar;C:\Users\VenkyJagannath\.m2\repository\org\apache\tomcat\embed\tomcat-embed-core\9.0.76\tomcat-embed-core-9.0.76.jar;C:\Users\VenkyJagannath\.m2\repository\org\apache\tomcat\embed\tomcat-embed-el\9.0.76\tomcat-embed-el-9.0.76.jar;C:\Users\VenkyJagannath\.m2\repository\org\apache\tomcat\embed\tomcat-embed-websocket\9.0.76\tomcat-embed-websocket-9.0.76.jar;C:\Users\VenkyJagannath\.m2\repository\org\springframework\spring-web\5.3.28\spring-web-5.3.28.jar;C:\Users\VenkyJagannath\.m2\repository\org\springframework\spring-beans\5.3.28\spring-beans-5.3.28.jar;C:\Users\VenkyJagannath\.m2\repository\org\springframework\spring-webmvc\5.3.28\spring-webmvc-5.3.28.jar;C:\Users\VenkyJagannath\.m2\repository\org\springframework\spring-aop\5.3.28\spring-aop-5.3.28.jar;C:\Users\VenkyJagannath\.m2\repository\org\springframework\spring-context\5.3.28\spring-context-5.3.28.jar;C:\Users\VenkyJagannath\.m2\repository\org\springframework\spring-expression\5.3.28\spring-expression-5.3.28.jar;C:\Users\VenkyJagannath\.m2\repository\org\springframework\boot\spring-boot-starter-test\2.7.13\spring-boot-starter-test-2.7.13.jar;C:\Users\VenkyJagannath\.m2\repository\org\springframework\boot\spring-boot-test\2.7.13\spring-boot-test-2.7.13.jar;C:\Users\VenkyJagannath\.m2\repository\org\springframework\boot\spring-boot-test-autoconfigure\2.7.13\spring-boot-test-autoconfigure-2.7.13.jar;C:\Users\VenkyJagannath\.m2\repository\com\jayway\jsonpath\json-path\2.7.0\json-path-2.7.0.jar;C:\Users\VenkyJagannath\.m2\repository\org\slf4j\slf4j-api\1.7.36\slf4j-api-1.7.36.jar;C:\Users\VenkyJagannath\.m2\repository\jakarta\xml\bind\jakarta.xml.bind-api\2.3.3\jakarta.xml.bind-api-2.3.3.jar;C:\Users\VenkyJagannath\.m2\repository\jakarta\activation\jakarta.activation-api\1.2.2\jakarta.activation-api-1.2.2.jar;C:\Users\VenkyJagannath\.m2\repository\org\assertj\assertj-core\3.22.0\assertj-core-3.22.0.jar;C:\Users\VenkyJagannath\.m2\repository\org\hamcrest\hamcrest\2.2\hamcrest-2.2.jar;C:\Users\VenkyJagannath\.m2\repository\org\junit\jupiter\junit-jupiter\5.8.2\junit-jupiter-5.8.2.jar;C:\Users\VenkyJagannath\.m2\repository\org\junit\jupiter\junit-jupiter-api\5.8.2\junit-jupiter-api-5.8.2.jar;C:\Users\VenkyJagannath\.m2\repository\org\opentest4j\opentest4j\1.2.0\opentest4j-1.2.0.jar;C:\Users\VenkyJagannath\.m2\repository\org\junit\platform\junit-platform-commons\1.8.2\junit-platform-commons-1.8.2.jar;C:\Users\VenkyJagannath\.m2\repository\org\apiguardian\apiguardian-api\1.1.2\apiguardian-api-1.1.2.jar;C:\Users\VenkyJagannath\.m2\repository\org\junit\jupiter\junit-jupiter-params\5.8.2\junit-jupiter-params-5.8.2.jar;C:\Users\VenkyJagannath\.m2\repository\org\junit\jupiter\junit-jupiter-engine\5.8.2\junit-jupiter-engine-5.8.2.jar;C:\Users\VenkyJagannath\.m2\repository\org\junit\platform\junit-platform-engine\1.8.2\junit-platform-engine-1.8.2.jar;C:\Users\VenkyJagannath\.m2\repository\org\mockito\mockito-core\4.5.1\mockito-core-4.5.1.jar;C:\Users\VenkyJagannath\.m2\repository\net\bytebuddy\byte-buddy\1.12.23\byte-buddy-1.12.23.jar;C:\Users\VenkyJagannath\.m2\repository\net\bytebuddy\byte-buddy-agent\1.12.23\byte-buddy-agent-1.12.23.jar;C:\Users\VenkyJagannath\.m2\repository\org\objenesis\objenesis\3.2\objenesis-3.2.jar;C:\Users\VenkyJagannath\.m2\repository\org\mockito\mockito-junit-jupiter\4.5.1\mockito-junit-jupiter-4.5.1.jar;C:\Users\VenkyJagannath\.m2\repository\org\skyscreamer\jsonassert\1.5.1\jsonassert-1.5.1.jar;C:\Users\VenkyJagannath\.m2\repository\com\vaadin\external\google\android-json\0.0.20131108.vaadin1\android-json-0.0.20131108.vaadin1.jar;C:\Users\VenkyJagannath\.m2\repository\org\springframework\spring-core\5.3.28\spring-core-5.3.28.jar;C:\Users\VenkyJagannath\.m2\repository\org\springframework\spring-jcl\5.3.28\spring-jcl-5.3.28.jar;C:\Users\VenkyJagannath\.m2\repository\org\springframework\spring-test\5.3.28\spring-test-5.3.28.jar;C:\Users\VenkyJagannath\.m2\repository\org\xmlunit\xmlunit-core\2.9.1\xmlunit-core-2.9.1.jar;C:\Users\VenkyJagannath\.m2\repository\com\microsoft\sqlserver\mssql-jdbc\12.4.1.jre11\mssql-jdbc-12.4.1.jre11.jar;C:\Users\VenkyJagannath\.m2\repository\com\azure\azure-identity\1.3.3\azure-identity-1.3.3.jar;C:\Users\VenkyJagannath\.m2\repository\com\azure\azure-core\1.18.0\azure-core-1.18.0.jar;C:\Users\VenkyJagannath\.m2\repository\com\fasterxml\jackson\core\jackson-annotations\2.13.5\jackson-annotations-2.13.5.jar;C:\Users\VenkyJagannath\.m2\repository\com\fasterxml\jackson\core\jackson-core\2.13.5\jackson-core-2.13.5.jar;C:\Users\VenkyJagannath\.m2\repository\com\fasterxml\jackson\dataformat\jackson-dataformat-xml\2.13.5\jackson-dataformat-xml-2.13.5.jar;C:\Users\VenkyJagannath\.m2\repository\org\codehaus\woodstox\stax2-api\4.2.1\stax2-api-4.2.1.jar;C:\Users\VenkyJagannath\.m2\repository\com\fasterxml\woodstox\woodstox-core\6.4.0\woodstox-core-6.4.0.jar;C:\Users\VenkyJagannath\.m2\repository\io\projectreactor\reactor-core\3.4.30\reactor-core-3.4.30.jar;C:\Users\VenkyJagannath\.m2\repository\org\reactivestreams\reactive-streams\1.0.4\reactive-streams-1.0.4.jar;C:\Users\VenkyJagannath\.m2\repository\io\netty\netty-tcnative-boringssl-static\2.0.61.Final\netty-tcnative-boringssl-static-2.0.61.Final.jar;C:\Users\VenkyJagannath\.m2\repository\io\netty\netty-tcnative-classes\2.0.61.Final\netty-tcnative-classes-2.0.61.Final.jar;C:\Users\VenkyJagannath\.m2\repository\io\netty\netty-tcnative-boringssl-static\2.0.61.Final\netty-tcnative-boringssl-static-2.0.61.Final-linux-x86_64.jar;C:\Users\VenkyJagannath\.m2\repository\io\netty\netty-tcnative-boringssl-static\2.0.61.Final\netty-tcnative-boringssl-static-2.0.61.Final-linux-aarch_64.jar;C:\Users\VenkyJagannath\.m2\repository\io\netty\netty-tcnative-boringssl-static\2.0.61.Final\netty-tcnative-boringssl-static-2.0.61.Final-osx-x86_64.jar;C:\Users\VenkyJagannath\.m2\repository\io\netty\netty-tcnative-boringssl-static\2.0.61.Final\netty-tcnative-boringssl-static-2.0.61.Final-osx-aarch_64.jar;C:\Users\VenkyJagannath\.m2\repository\io\netty\netty-tcnative-boringssl-static\2.0.61.Final\netty-tcnative-boringssl-static-2.0.61.Final-windows-x86_64.jar;C:\Users\VenkyJagannath\.m2\repository\com\azure\azure-core-http-netty\1.10.1\azure-core-http-netty-1.10.1.jar;C:\Users\VenkyJagannath\.m2\repository\io\netty\netty-handler\4.1.94.Final\netty-handler-4.1.94.Final.jar;C:\Users\VenkyJagannath\.m2\repository\io\netty\netty-common\4.1.94.Final\netty-common-4.1.94.Final.jar;C:\Users\VenkyJagannath\.m2\repository\io\netty\netty-resolver\4.1.94.Final\netty-resolver-4.1.94.Final.jar;C:\Users\VenkyJagannath\.m2\repository\io\netty\netty-transport\4.1.94.Final\netty-transport-4.1.94.Final.jar;C:\Users\VenkyJagannath\.m2\repository\io\netty\netty-codec\4.1.94.Final\netty-codec-4.1.94.Final.jar;C:\Users\VenkyJagannath\.m2\repository\io\netty\netty-handler-proxy\4.1.94.Final\netty-handler-proxy-4.1.94.Final.jar;C:\Users\VenkyJagannath\.m2\repository\io\netty\netty-codec-socks\4.1.94.Final\netty-codec-socks-4.1.94.Final.jar;C:\Users\VenkyJagannath\.m2\repository\io\netty\netty-buffer\4.1.94.Final\netty-buffer-4.1.94.Final.jar;C:\Users\VenkyJagannath\.m2\repository\io\netty\netty-codec-http\4.1.94.Final\netty-codec-http-4.1.94.Final.jar;C:\Users\VenkyJagannath\.m2\repository\io\netty\netty-codec-http2\4.1.94.Final\netty-codec-http2-4.1.94.Final.jar;C:\Users\VenkyJagannath\.m2\repository\io\netty\netty-transport-native-unix-common\4.1.94.Final\netty-transport-native-unix-common-4.1.94.Final.jar;C:\Users\VenkyJagannath\.m2\repository\io\netty\netty-transport-native-epoll\4.1.94.Final\netty-transport-native-epoll-4.1.94.Final-linux-x86_64.jar;C:\Users\VenkyJagannath\.m2\repository\io\netty\netty-transport-classes-epoll\4.1.94.Final\netty-transport-classes-epoll-4.1.94.Final.jar;C:\Users\VenkyJagannath\.m2\repository\io\netty\netty-transport-native-kqueue\4.1.94.Final\netty-transport-native-kqueue-4.1.94.Final-osx-x86_64.jar;C:\Users\VenkyJagannath\.m2\repository\io\netty\netty-transport-classes-kqueue\4.1.94.Final\netty-transport-classes-kqueue-4.1.94.Final.jar;C:\Users\VenkyJagannath\.m2\repository\io\projectreactor\netty\reactor-netty\1.0.33\reactor-netty-1.0.33.jar;C:\Users\VenkyJagannath\.m2\repository\io\projectreactor\netty\reactor-netty-core\1.0.33\reactor-netty-core-1.0.33.jar;C:\Users\VenkyJagannath\.m2\repository\io\netty\netty-resolver-dns\4.1.94.Final\netty-resolver-dns-4.1.94.Final.jar;C:\Users\VenkyJagannath\.m2\repository\io\netty\netty-codec-dns\4.1.94.Final\netty-codec-dns-4.1.94.Final.jar;C:\Users\VenkyJagannath\.m2\repository\io\netty\netty-resolver-dns-native-macos\4.1.94.Final\netty-resolver-dns-native-macos-4.1.94.Final-osx-x86_64.jar;C:\Users\VenkyJagannath\.m2\repository\io\netty\netty-resolver-dns-classes-macos\4.1.94.Final\netty-resolver-dns-classes-macos-4.1.94.Final.jar;C:\Users\VenkyJagannath\.m2\repository\io\projectreactor\netty\reactor-netty-http\1.0.33\reactor-netty-http-1.0.33.jar;C:\Users\VenkyJagannath\.m2\repository\io\projectreactor\netty\incubator\reactor-netty-incubator-quic\0.0.22\reactor-netty-incubator-quic-0.0.22.jar;C:\Users\VenkyJagannath\.m2\repository\io\netty\incubator\netty-incubator-codec-native-quic\0.0.45.Final\netty-incubator-codec-native-quic-0.0.45.Final-linux-x86_64.jar;C:\Users\VenkyJagannath\.m2\repository\io\netty\incubator\netty-incubator-codec-classes-quic\0.0.45.Final\netty-incubator-codec-classes-quic-0.0.45.Final.jar;C:\Users\VenkyJagannath\.m2\repository\io\projectreactor\netty\reactor-netty-http-brave\1.0.33\reactor-netty-http-brave-1.0.33.jar;C:\Users\VenkyJagannath\.m2\repository\io\zipkin\brave\brave-instrumentation-http\5.16.0\brave-instrumentation-http-5.16.0.jar;C:\Users\VenkyJagannath\.m2\repository\io\zipkin\brave\brave\5.16.0\brave-5.16.0.jar;C:\Users\VenkyJagannath\.m2\repository\io\zipkin\reporter2\zipkin-reporter-brave\2.16.3\zipkin-reporter-brave-2.16.3.jar;C:\Users\VenkyJagannath\.m2\repository\io\zipkin\reporter2\zipkin-reporter\2.16.3\zipkin-reporter-2.16.3.jar;C:\Users\VenkyJagannath\.m2\repository\io\zipkin\zipkin2\zipkin\2.23.2\zipkin-2.23.2.jar;C:\Users\VenkyJagannath\.m2\repository\com\microsoft\azure\msal4j\1.10.1\msal4j-1.10.1.jar;C:\Users\VenkyJagannath\.m2\repository\com\nimbusds\oauth2-oidc-sdk\9.7\oauth2-oidc-sdk-9.7.jar;C:\Users\VenkyJagannath\.m2\repository\com\github\stephenc\jcip\jcip-annotations\1.0-1\jcip-annotations-1.0-1.jar;C:\Users\VenkyJagannath\.m2\repository\com\nimbusds\content-type\2.1\content-type-2.1.jar;C:\Users\VenkyJagannath\.m2\repository\com\nimbusds\lang-tag\1.5\lang-tag-1.5.jar;C:\Users\VenkyJagannath\.m2\repository\com\nimbusds\nimbus-jose-jwt\9.9.3\nimbus-jose-jwt-9.9.3.jar;C:\Users\VenkyJagannath\.m2\repository\com\microsoft\azure\msal4j-persistence-extension\1.1.0\msal4j-persistence-extension-1.1.0.jar;C:\Users\VenkyJagannath\.m2\repository\net\java\dev\jna\jna\5.5.0\jna-5.5.0.jar;C:\Users\VenkyJagannath\.m2\repository\net\java\dev\jna\jna-platform\5.6.0\jna-platform-5.6.0.jar;C:\Users\VenkyJagannath\.m2\repository\org\linguafranca\pwdb\KeePassJava2\2.1.4\KeePassJava2-2.1.4.jar;C:\Users\VenkyJagannath\.m2\repository\org\linguafranca\pwdb\KeePassJava2-kdb\2.1.4\KeePassJava2-kdb-2.1.4.jar;C:\Users\VenkyJagannath\.m2\repository\org\linguafranca\pwdb\database\2.1.4\database-2.1.4.jar;C:\Users\VenkyJagannath\.m2\repository\com\google\guava\guava\19.0\guava-19.0.jar;C:\Users\VenkyJagannath\.m2\repository\com\madgag\spongycastle\core\1.54.0.0\core-1.54.0.0.jar;C:\Users\VenkyJagannath\.m2\repository\org\jetbrains\annotations\15.0\annotations-15.0.jar;C:\Users\VenkyJagannath\.m2\repository\org\linguafranca\pwdb\KeePassJava2-dom\2.1.4\KeePassJava2-dom-2.1.4.jar;C:\Users\VenkyJagannath\.m2\repository\org\linguafranca\pwdb\KeePassJava2-kdbx\2.1.4\KeePassJava2-kdbx-2.1.4.jar;C:\Users\VenkyJagannath\.m2\repository\commons-codec\commons-codec\1.15\commons-codec-1.15.jar;C:\Users\VenkyJagannath\.m2\repository\org\linguafranca\pwdb\KeePassJava2-jaxb\2.1.4\KeePassJava2-jaxb-2.1.4.jar;C:\Users\VenkyJagannath\.m2\repository\org\linguafranca\pwdb\KeePassJava2-simple\2.1.4\KeePassJava2-simple-2.1.4.jar;C:\Users\VenkyJagannath\.m2\repository\org\simpleframework\simple-xml\2.7.1\simple-xml-2.7.1.jar;C:\Users\VenkyJagannath\.m2\repository\stax\stax-api\1.0.1\stax-api-1.0.1.jar;C:\Users\VenkyJagannath\.m2\repository\stax\stax\1.2.0\stax-1.2.0.jar;C:\Users\VenkyJagannath\.m2\repository\xpp3\xpp3\1.1.3.3\xpp3-1.1.3.3.jar;C:\Users\VenkyJagannath\.m2\repository\org\apache\httpcomponents\httpcore\4.4.16\httpcore-4.4.16.jar;C:\Users\VenkyJagannath\.m2\repository\com\fasterxml\aalto-xml\1.0.0\aalto-xml-1.0.0.jar;C:\Users\VenkyJagannath\.m2\repository\net\minidev\json-smart\2.4.11\json-smart-2.4.11.jar;C:\Users\VenkyJagannath\.m2\repository\net\minidev\accessors-smart\2.4.11\accessors-smart-2.4.11.jar;C:\Users\VenkyJagannath\.m2\repository\org\ow2\asm\asm\9.3\asm-9.3.jar;"/>
    <property name="java.vm.vendor" value="Microsoft"/>
    <property name="sun.arch.data.model" value="64"/>
    <property name="user.variant" value=""/>
    <property name="java.vendor.url" value="https://www.microsoft.com"/>
    <property name="user.timezone" value="America/Chicago"/>
    <property name="java.vm.specification.version" value="11"/>
    <property name="os.name" value="Windows 11"/>
    <property name="sun.java.launcher" value="SUN_STANDARD"/>
    <property name="user.country" value="US"/>
    <property name="sun.boot.library.path" value="C:\Venky\jdk-11.0.15.10-hotspot\bin"/>
    <property name="sun.java.command" value="C:\Users\VENKYJ~1\AppData\Local\Temp\surefire7234625646198240040\surefirebooter7939670406393110185.jar C:\Users\VenkyJagannath\AppData\Local\Temp\surefire7234625646198240040 2023-09-05T15-26-54_758-jvmRun1 surefire3730755065356879850tmp surefire_06925216510929650853tmp"/>
    <property name="jdk.debug" value="release"/>
    <property name="surefire.test.class.path" value="C:\Venky\DP-203\AzureSynapseExperiments\SynapseRESTAPI\target\test-classes;C:\Venky\DP-203\AzureSynapseExperiments\SynapseRESTAPI\target\classes;C:\Users\VenkyJagannath\.m2\repository\org\springframework\boot\spring-boot-starter-web\2.7.13\spring-boot-starter-web-2.7.13.jar;C:\Users\VenkyJagannath\.m2\repository\org\springframework\boot\spring-boot-starter\2.7.13\spring-boot-starter-2.7.13.jar;C:\Users\VenkyJagannath\.m2\repository\org\springframework\boot\spring-boot\2.7.13\spring-boot-2.7.13.jar;C:\Users\VenkyJagannath\.m2\repository\org\springframework\boot\spring-boot-autoconfigure\2.7.13\spring-boot-autoconfigure-2.7.13.jar;C:\Users\VenkyJagannath\.m2\repository\org\springframework\boot\spring-boot-starter-logging\2.7.13\spring-boot-starter-logging-2.7.13.jar;C:\Users\VenkyJagannath\.m2\repository\ch\qos\logback\logback-classic\1.2.12\logback-classic-1.2.12.jar;C:\Users\VenkyJagannath\.m2\repository\ch\qos\logback\logback-core\1.2.12\logback-core-1.2.12.jar;C:\Users\VenkyJagannath\.m2\repository\org\apache\logging\log4j\log4j-to-slf4j\2.17.2\log4j-to-slf4j-2.17.2.jar;C:\Users\VenkyJagannath\.m2\repository\org\apache\logging\log4j\log4j-api\2.17.2\log4j-api-2.17.2.jar;C:\Users\VenkyJagannath\.m2\repository\org\slf4j\jul-to-slf4j\1.7.36\jul-to-slf4j-1.7.36.jar;C:\Users\VenkyJagannath\.m2\repository\jakarta\annotation\jakarta.annotation-api\1.3.5\jakarta.annotation-api-1.3.5.jar;C:\Users\VenkyJagannath\.m2\repository\org\yaml\snakeyaml\1.30\snakeyaml-1.30.jar;C:\Users\VenkyJagannath\.m2\repository\org\springframework\boot\spring-boot-starter-json\2.7.13\spring-boot-starter-json-2.7.13.jar;C:\Users\VenkyJagannath\.m2\repository\com\fasterxml\jackson\core\jackson-databind\2.13.5\jackson-databind-2.13.5.jar;C:\Users\VenkyJagannath\.m2\repository\com\fasterxml\jackson\datatype\jackson-datatype-jdk8\2.13.5\jackson-datatype-jdk8-2.13.5.jar;C:\Users\VenkyJagannath\.m2\repository\com\fasterxml\jackson\datatype\jackson-datatype-jsr310\2.13.5\jackson-datatype-jsr310-2.13.5.jar;C:\Users\VenkyJagannath\.m2\repository\com\fasterxml\jackson\module\jackson-module-parameter-names\2.13.5\jackson-module-parameter-names-2.13.5.jar;C:\Users\VenkyJagannath\.m2\repository\org\springframework\boot\spring-boot-starter-tomcat\2.7.13\spring-boot-starter-tomcat-2.7.13.jar;C:\Users\VenkyJagannath\.m2\repository\org\apache\tomcat\embed\tomcat-embed-core\9.0.76\tomcat-embed-core-9.0.76.jar;C:\Users\VenkyJagannath\.m2\repository\org\apache\tomcat\embed\tomcat-embed-el\9.0.76\tomcat-embed-el-9.0.76.jar;C:\Users\VenkyJagannath\.m2\repository\org\apache\tomcat\embed\tomcat-embed-websocket\9.0.76\tomcat-embed-websocket-9.0.76.jar;C:\Users\VenkyJagannath\.m2\repository\org\springframework\spring-web\5.3.28\spring-web-5.3.28.jar;C:\Users\VenkyJagannath\.m2\repository\org\springframework\spring-beans\5.3.28\spring-beans-5.3.28.jar;C:\Users\VenkyJagannath\.m2\repository\org\springframework\spring-webmvc\5.3.28\spring-webmvc-5.3.28.jar;C:\Users\VenkyJagannath\.m2\repository\org\springframework\spring-aop\5.3.28\spring-aop-5.3.28.jar;C:\Users\VenkyJagannath\.m2\repository\org\springframework\spring-context\5.3.28\spring-context-5.3.28.jar;C:\Users\VenkyJagannath\.m2\repository\org\springframework\spring-expression\5.3.28\spring-expression-5.3.28.jar;C:\Users\VenkyJagannath\.m2\repository\org\springframework\boot\spring-boot-starter-test\2.7.13\spring-boot-starter-test-2.7.13.jar;C:\Users\VenkyJagannath\.m2\repository\org\springframework\boot\spring-boot-test\2.7.13\spring-boot-test-2.7.13.jar;C:\Users\VenkyJagannath\.m2\repository\org\springframework\boot\spring-boot-test-autoconfigure\2.7.13\spring-boot-test-autoconfigure-2.7.13.jar;C:\Users\VenkyJagannath\.m2\repository\com\jayway\jsonpath\json-path\2.7.0\json-path-2.7.0.jar;C:\Users\VenkyJagannath\.m2\repository\org\slf4j\slf4j-api\1.7.36\slf4j-api-1.7.36.jar;C:\Users\VenkyJagannath\.m2\repository\jakarta\xml\bind\jakarta.xml.bind-api\2.3.3\jakarta.xml.bind-api-2.3.3.jar;C:\Users\VenkyJagannath\.m2\repository\jakarta\activation\jakarta.activation-api\1.2.2\jakarta.activation-api-1.2.2.jar;C:\Users\VenkyJagannath\.m2\repository\org\assertj\assertj-core\3.22.0\assertj-core-3.22.0.jar;C:\Users\VenkyJagannath\.m2\repository\org\hamcrest\hamcrest\2.2\hamcrest-2.2.jar;C:\Users\VenkyJagannath\.m2\repository\org\junit\jupiter\junit-jupiter\5.8.2\junit-jupiter-5.8.2.jar;C:\Users\VenkyJagannath\.m2\repository\org\junit\jupiter\junit-jupiter-api\5.8.2\junit-jupiter-api-5.8.2.jar;C:\Users\VenkyJagannath\.m2\repository\org\opentest4j\opentest4j\1.2.0\opentest4j-1.2.0.jar;C:\Users\VenkyJagannath\.m2\repository\org\junit\platform\junit-platform-commons\1.8.2\junit-platform-commons-1.8.2.jar;C:\Users\VenkyJagannath\.m2\repository\org\apiguardian\apiguardian-api\1.1.2\apiguardian-api-1.1.2.jar;C:\Users\VenkyJagannath\.m2\repository\org\junit\jupiter\junit-jupiter-params\5.8.2\junit-jupiter-params-5.8.2.jar;C:\Users\VenkyJagannath\.m2\repository\org\junit\jupiter\junit-jupiter-engine\5.8.2\junit-jupiter-engine-5.8.2.jar;C:\Users\VenkyJagannath\.m2\repository\org\junit\platform\junit-platform-engine\1.8.2\junit-platform-engine-1.8.2.jar;C:\Users\VenkyJagannath\.m2\repository\org\mockito\mockito-core\4.5.1\mockito-core-4.5.1.jar;C:\Users\VenkyJagannath\.m2\repository\net\bytebuddy\byte-buddy\1.12.23\byte-buddy-1.12.23.jar;C:\Users\VenkyJagannath\.m2\repository\net\bytebuddy\byte-buddy-agent\1.12.23\byte-buddy-agent-1.12.23.jar;C:\Users\VenkyJagannath\.m2\repository\org\objenesis\objenesis\3.2\objenesis-3.2.jar;C:\Users\VenkyJagannath\.m2\repository\org\mockito\mockito-junit-jupiter\4.5.1\mockito-junit-jupiter-4.5.1.jar;C:\Users\VenkyJagannath\.m2\repository\org\skyscreamer\jsonassert\1.5.1\jsonassert-1.5.1.jar;C:\Users\VenkyJagannath\.m2\repository\com\vaadin\external\google\android-json\0.0.20131108.vaadin1\android-json-0.0.20131108.vaadin1.jar;C:\Users\VenkyJagannath\.m2\repository\org\springframework\spring-core\5.3.28\spring-core-5.3.28.jar;C:\Users\VenkyJagannath\.m2\repository\org\springframework\spring-jcl\5.3.28\spring-jcl-5.3.28.jar;C:\Users\VenkyJagannath\.m2\repository\org\springframework\spring-test\5.3.28\spring-test-5.3.28.jar;C:\Users\VenkyJagannath\.m2\repository\org\xmlunit\xmlunit-core\2.9.1\xmlunit-core-2.9.1.jar;C:\Users\VenkyJagannath\.m2\repository\com\microsoft\sqlserver\mssql-jdbc\12.4.1.jre11\mssql-jdbc-12.4.1.jre11.jar;C:\Users\VenkyJagannath\.m2\repository\com\azure\azure-identity\1.3.3\azure-identity-1.3.3.jar;C:\Users\VenkyJagannath\.m2\repository\com\azure\azure-core\1.18.0\azure-core-1.18.0.jar;C:\Users\VenkyJagannath\.m2\repository\com\fasterxml\jackson\core\jackson-annotations\2.13.5\jackson-annotations-2.13.5.jar;C:\Users\VenkyJagannath\.m2\repository\com\fasterxml\jackson\core\jackson-core\2.13.5\jackson-core-2.13.5.jar;C:\Users\VenkyJagannath\.m2\repository\com\fasterxml\jackson\dataformat\jackson-dataformat-xml\2.13.5\jackson-dataformat-xml-2.13.5.jar;C:\Users\VenkyJagannath\.m2\repository\org\codehaus\woodstox\stax2-api\4.2.1\stax2-api-4.2.1.jar;C:\Users\VenkyJagannath\.m2\repository\com\fasterxml\woodstox\woodstox-core\6.4.0\woodstox-core-6.4.0.jar;C:\Users\VenkyJagannath\.m2\repository\io\projectreactor\reactor-core\3.4.30\reactor-core-3.4.30.jar;C:\Users\VenkyJagannath\.m2\repository\org\reactivestreams\reactive-streams\1.0.4\reactive-streams-1.0.4.jar;C:\Users\VenkyJagannath\.m2\repository\io\netty\netty-tcnative-boringssl-static\2.0.61.Final\netty-tcnative-boringssl-static-2.0.61.Final.jar;C:\Users\VenkyJagannath\.m2\repository\io\netty\netty-tcnative-classes\2.0.61.Final\netty-tcnative-classes-2.0.61.Final.jar;C:\Users\VenkyJagannath\.m2\repository\io\netty\netty-tcnative-boringssl-static\2.0.61.Final\netty-tcnative-boringssl-static-2.0.61.Final-linux-x86_64.jar;C:\Users\VenkyJagannath\.m2\repository\io\netty\netty-tcnative-boringssl-static\2.0.61.Final\netty-tcnative-boringssl-static-2.0.61.Final-linux-aarch_64.jar;C:\Users\VenkyJagannath\.m2\repository\io\netty\netty-tcnative-boringssl-static\2.0.61.Final\netty-tcnative-boringssl-static-2.0.61.Final-osx-x86_64.jar;C:\Users\VenkyJagannath\.m2\repository\io\netty\netty-tcnative-boringssl-static\2.0.61.Final\netty-tcnative-boringssl-static-2.0.61.Final-osx-aarch_64.jar;C:\Users\VenkyJagannath\.m2\repository\io\netty\netty-tcnative-boringssl-static\2.0.61.Final\netty-tcnative-boringssl-static-2.0.61.Final-windows-x86_64.jar;C:\Users\VenkyJagannath\.m2\repository\com\azure\azure-core-http-netty\1.10.1\azure-core-http-netty-1.10.1.jar;C:\Users\VenkyJagannath\.m2\repository\io\netty\netty-handler\4.1.94.Final\netty-handler-4.1.94.Final.jar;C:\Users\VenkyJagannath\.m2\repository\io\netty\netty-common\4.1.94.Final\netty-common-4.1.94.Final.jar;C:\Users\VenkyJagannath\.m2\repository\io\netty\netty-resolver\4.1.94.Final\netty-resolver-4.1.94.Final.jar;C:\Users\VenkyJagannath\.m2\repository\io\netty\netty-transport\4.1.94.Final\netty-transport-4.1.94.Final.jar;C:\Users\VenkyJagannath\.m2\repository\io\netty\netty-codec\4.1.94.Final\netty-codec-4.1.94.Final.jar;C:\Users\VenkyJagannath\.m2\repository\io\netty\netty-handler-proxy\4.1.94.Final\netty-handler-proxy-4.1.94.Final.jar;C:\Users\VenkyJagannath\.m2\repository\io\netty\netty-codec-socks\4.1.94.Final\netty-codec-socks-4.1.94.Final.jar;C:\Users\VenkyJagannath\.m2\repository\io\netty\netty-buffer\4.1.94.Final\netty-buffer-4.1.94.Final.jar;C:\Users\VenkyJagannath\.m2\repository\io\netty\netty-codec-http\4.1.94.Final\netty-codec-http-4.1.94.Final.jar;C:\Users\VenkyJagannath\.m2\repository\io\netty\netty-codec-http2\4.1.94.Final\netty-codec-http2-4.1.94.Final.jar;C:\Users\VenkyJagannath\.m2\repository\io\netty\netty-transport-native-unix-common\4.1.94.Final\netty-transport-native-unix-common-4.1.94.Final.jar;C:\Users\VenkyJagannath\.m2\repository\io\netty\netty-transport-native-epoll\4.1.94.Final\netty-transport-native-epoll-4.1.94.Final-linux-x86_64.jar;C:\Users\VenkyJagannath\.m2\repository\io\netty\netty-transport-classes-epoll\4.1.94.Final\netty-transport-classes-epoll-4.1.94.Final.jar;C:\Users\VenkyJagannath\.m2\repository\io\netty\netty-transport-native-kqueue\4.1.94.Final\netty-transport-native-kqueue-4.1.94.Final-osx-x86_64.jar;C:\Users\VenkyJagannath\.m2\repository\io\netty\netty-transport-classes-kqueue\4.1.94.Final\netty-transport-classes-kqueue-4.1.94.Final.jar;C:\Users\VenkyJagannath\.m2\repository\io\projectreactor\netty\reactor-netty\1.0.33\reactor-netty-1.0.33.jar;C:\Users\VenkyJagannath\.m2\repository\io\projectreactor\netty\reactor-netty-core\1.0.33\reactor-netty-core-1.0.33.jar;C:\Users\VenkyJagannath\.m2\repository\io\netty\netty-resolver-dns\4.1.94.Final\netty-resolver-dns-4.1.94.Final.jar;C:\Users\VenkyJagannath\.m2\repository\io\netty\netty-codec-dns\4.1.94.Final\netty-codec-dns-4.1.94.Final.jar;C:\Users\VenkyJagannath\.m2\repository\io\netty\netty-resolver-dns-native-macos\4.1.94.Final\netty-resolver-dns-native-macos-4.1.94.Final-osx-x86_64.jar;C:\Users\VenkyJagannath\.m2\repository\io\netty\netty-resolver-dns-classes-macos\4.1.94.Final\netty-resolver-dns-classes-macos-4.1.94.Final.jar;C:\Users\VenkyJagannath\.m2\repository\io\projectreactor\netty\reactor-netty-http\1.0.33\reactor-netty-http-1.0.33.jar;C:\Users\VenkyJagannath\.m2\repository\io\projectreactor\netty\incubator\reactor-netty-incubator-quic\0.0.22\reactor-netty-incubator-quic-0.0.22.jar;C:\Users\VenkyJagannath\.m2\repository\io\netty\incubator\netty-incubator-codec-native-quic\0.0.45.Final\netty-incubator-codec-native-quic-0.0.45.Final-linux-x86_64.jar;C:\Users\VenkyJagannath\.m2\repository\io\netty\incubator\netty-incubator-codec-classes-quic\0.0.45.Final\netty-incubator-codec-classes-quic-0.0.45.Final.jar;C:\Users\VenkyJagannath\.m2\repository\io\projectreactor\netty\reactor-netty-http-brave\1.0.33\reactor-netty-http-brave-1.0.33.jar;C:\Users\VenkyJagannath\.m2\repository\io\zipkin\brave\brave-instrumentation-http\5.16.0\brave-instrumentation-http-5.16.0.jar;C:\Users\VenkyJagannath\.m2\repository\io\zipkin\brave\brave\5.16.0\brave-5.16.0.jar;C:\Users\VenkyJagannath\.m2\repository\io\zipkin\reporter2\zipkin-reporter-brave\2.16.3\zipkin-reporter-brave-2.16.3.jar;C:\Users\VenkyJagannath\.m2\repository\io\zipkin\reporter2\zipkin-reporter\2.16.3\zipkin-reporter-2.16.3.jar;C:\Users\VenkyJagannath\.m2\repository\io\zipkin\zipkin2\zipkin\2.23.2\zipkin-2.23.2.jar;C:\Users\VenkyJagannath\.m2\repository\com\microsoft\azure\msal4j\1.10.1\msal4j-1.10.1.jar;C:\Users\VenkyJagannath\.m2\repository\com\nimbusds\oauth2-oidc-sdk\9.7\oauth2-oidc-sdk-9.7.jar;C:\Users\VenkyJagannath\.m2\repository\com\github\stephenc\jcip\jcip-annotations\1.0-1\jcip-annotations-1.0-1.jar;C:\Users\VenkyJagannath\.m2\repository\com\nimbusds\content-type\2.1\content-type-2.1.jar;C:\Users\VenkyJagannath\.m2\repository\com\nimbusds\lang-tag\1.5\lang-tag-1.5.jar;C:\Users\VenkyJagannath\.m2\repository\com\nimbusds\nimbus-jose-jwt\9.9.3\nimbus-jose-jwt-9.9.3.jar;C:\Users\VenkyJagannath\.m2\repository\com\microsoft\azure\msal4j-persistence-extension\1.1.0\msal4j-persistence-extension-1.1.0.jar;C:\Users\VenkyJagannath\.m2\repository\net\java\dev\jna\jna\5.5.0\jna-5.5.0.jar;C:\Users\VenkyJagannath\.m2\repository\net\java\dev\jna\jna-platform\5.6.0\jna-platform-5.6.0.jar;C:\Users\VenkyJagannath\.m2\repository\org\linguafranca\pwdb\KeePassJava2\2.1.4\KeePassJava2-2.1.4.jar;C:\Users\VenkyJagannath\.m2\repository\org\linguafranca\pwdb\KeePassJava2-kdb\2.1.4\KeePassJava2-kdb-2.1.4.jar;C:\Users\VenkyJagannath\.m2\repository\org\linguafranca\pwdb\database\2.1.4\database-2.1.4.jar;C:\Users\VenkyJagannath\.m2\repository\com\google\guava\guava\19.0\guava-19.0.jar;C:\Users\VenkyJagannath\.m2\repository\com\madgag\spongycastle\core\1.54.0.0\core-1.54.0.0.jar;C:\Users\VenkyJagannath\.m2\repository\org\jetbrains\annotations\15.0\annotations-15.0.jar;C:\Users\VenkyJagannath\.m2\repository\org\linguafranca\pwdb\KeePassJava2-dom\2.1.4\KeePassJava2-dom-2.1.4.jar;C:\Users\VenkyJagannath\.m2\repository\org\linguafranca\pwdb\KeePassJava2-kdbx\2.1.4\KeePassJava2-kdbx-2.1.4.jar;C:\Users\VenkyJagannath\.m2\repository\commons-codec\commons-codec\1.15\commons-codec-1.15.jar;C:\Users\VenkyJagannath\.m2\repository\org\linguafranca\pwdb\KeePassJava2-jaxb\2.1.4\KeePassJava2-jaxb-2.1.4.jar;C:\Users\VenkyJagannath\.m2\repository\org\linguafranca\pwdb\KeePassJava2-simple\2.1.4\KeePassJava2-simple-2.1.4.jar;C:\Users\VenkyJagannath\.m2\repository\org\simpleframework\simple-xml\2.7.1\simple-xml-2.7.1.jar;C:\Users\VenkyJagannath\.m2\repository\stax\stax-api\1.0.1\stax-api-1.0.1.jar;C:\Users\VenkyJagannath\.m2\repository\stax\stax\1.2.0\stax-1.2.0.jar;C:\Users\VenkyJagannath\.m2\repository\xpp3\xpp3\1.1.3.3\xpp3-1.1.3.3.jar;C:\Users\VenkyJagannath\.m2\repository\org\apache\httpcomponents\httpcore\4.4.16\httpcore-4.4.16.jar;C:\Users\VenkyJagannath\.m2\repository\com\fasterxml\aalto-xml\1.0.0\aalto-xml-1.0.0.jar;C:\Users\VenkyJagannath\.m2\repository\net\minidev\json-smart\2.4.11\json-smart-2.4.11.jar;C:\Users\VenkyJagannath\.m2\repository\net\minidev\accessors-smart\2.4.11\accessors-smart-2.4.11.jar;C:\Users\VenkyJagannath\.m2\repository\org\ow2\asm\asm\9.3\asm-9.3.jar;"/>
    <property name="sun.cpu.endian" value="little"/>
    <property name="user.home" value="C:\Users\VenkyJagannath"/>
    <property name="user.language" value="en"/>
    <property name="java.specification.vendor" value="Oracle Corporation"/>
    <property name="java.version.date" value="2022-04-19"/>
    <property name="java.home" value="C:\Venky\jdk-11.0.15.10-hotspot"/>
    <property name="file.separator" value="\"/>
    <property name="basedir" value="C:\Venky\DP-203\AzureSynapseExperiments\SynapseRESTAPI"/>
    <property name="java.vm.compressedOopsMode" value="Zero based"/>
    <property name="line.separator" value="&#10;"/>
    <property name="java.specification.name" value="Java Platform API Specification"/>
    <property name="java.vm.specification.vendor" value="Oracle Corporation"/>
    <property name="java.awt.graphicsenv" value="sun.awt.Win32GraphicsEnvironment"/>
    <property name="surefire.real.class.path" value="C:\Users\VENKYJ~1\AppData\Local\Temp\surefire7234625646198240040\surefirebooter7939670406393110185.jar"/>
    <property name="user.script" value=""/>
    <property name="sun.management.compiler" value="HotSpot 64-Bit Tiered Compilers"/>
    <property name="java.runtime.version" value="11.0.15+10-LTS"/>
    <property name="user.name" value="VenkyJagannath"/>
    <property name="path.separator" value=";"/>
    <property name="os.version" value="10.0"/>
    <property name="java.runtime.name" value="OpenJDK Runtime Environment"/>
    <property name="file.encoding" value="Cp1252"/>
    <property name="java.vm.name" value="OpenJDK 64-Bit Server VM"/>
    <property name="java.vendor.version" value="Microsoft-32930"/>
    <property name="localRepository" value="C:\Users\VenkyJagannath\.m2\repository"/>
    <property name="java.vendor.url.bug" value="https://github.com/microsoft/openjdk/issues"/>
    <property name="java.io.tmpdir" value="C:\Users\VENKYJ~1\AppData\Local\Temp\"/>
    <property name="java.version" value="11.0.15"/>
    <property name="user.dir" value="C:\Venky\DP-203\AzureSynapseExperiments\SynapseRESTAPI"/>
    <property name="os.arch" value="amd64"/>
    <property name="java.vm.specification.name" value="Java Virtual Machine Specification"/>
    <property name="java.awt.printerjob" value="sun.awt.windows.WPrinterJob"/>
    <property name="sun.os.patch.level" value=""/>
    <property name="java.library.path" value="C:\Venky\jdk-11.0.15.10-hotspot\bin;C:\WINDOWS\Sun\Java\bin;C:\WINDOWS\system32;C:\WINDOWS;C:\Venky\jdk-11.0.15.10-hotspot\bin;C:\Venky\apache-maven-3.8.4\bin;."/>
    <property name="java.vm.info" value="mixed mode"/>
    <property name="java.vendor" value="Microsoft"/>
    <property name="java.vm.version" value="11.0.15+10-LTS"/>
    <property name="sun.io.unicode.encoding" value="UnicodeLittle"/>
    <property name="java.class.version" value="55.0"/>
  </properties>
  <testcase name="contextLoads" classname="com.usbank.synapse.TemperaturesControllerTest" time="0.375"/>
</testsuite>